
                                  FineSim (R)

              Version O-2018.09-SP2-1 for linux64 - Mar 06, 2019 

                    Copyright (c) 2003 - 2019 Synopsys, Inc.
   This software and the associated documentation are proprietary to Synopsys,
 Inc. This software may only be used in accordance with the terms and conditions
 of a written license agreement with Synopsys, Inc. All other use, reproduction,
            or distribution of this software is strictly prohibited.
---------------------------------------------------------------------------------

FineSimPro O-2018.09-SP2-1 RHEL64  (Compiled on Mar  6 2019 at 11:42:39 (US-Pacific)) build id: 5475343

Hostname: giants, Username: toind_63d, PID: 4688
Tool Path: /home/tools/synopsys/finesim/O-2018.09-SP2-1/finesim/platform/linux64/finesim

**** Environment Variables
(NAME)               (VALUE) 
FINESIM_HOME         /home/tools/synopsys/finesim/O-2018.09-SP2-1 
LD_LIBRARY_PATH      /home/tools/synopsys/finesim/O-2018.09-SP2-1/lib/linux64:/home/tools/synopsys/finesim/O-2018.09-SP2-1/python/linux64/lib:/home/tools/synopsys/finesim/O-2018.09-SP2-1/lib/linux64:/home/tools/synopsys/finesim/O-2018.09-SP2-1/python/linux64/lib: 
****

OS: CentOS Linux release 7.9.2009 (Core)
CPU model name	: Intel(R) Xeon(R) CPU E5-2640 v4 @ 2.40GHz, Speed : 1200.000(MHz), Cache : 25600 KB

Parallel run on 6 processes from 1 machines:
	giants:6 

Started at Mon Oct 28 04:20:19 2024
Command line: 	/home/tools/synopsys/finesim/O-2018.09-SP2-1/bin/finesim -np 6 -o ./simulations/ vco_adc2_130nm_tb.sp 
Working Directory: /home/userdata/k63D/toind_63d/work/sislab_vnu/vco_adc2/synopsys/finesim/vco_adc2_130nm

INFO! read global configuration file (/home/tools/synopsys/finesim/O-2018.09-SP2-1/finesim.cfg)

	</home/dkits/openpdks/volare/sky130/versions/cd1748bb197f9b7af62a54507de6624e30363943/sky130A/libs.ref/sky130_fd_sc_hd/spice/sky130_fd_sc_hd.spice>
	</home/dkits/openpdks/volare/sky130/versions/cd1748bb197f9b7af62a54507de6624e30363943/sky130A/libs.tech/ngspice/sky130.lib.spice>
	</home/dkits/openpdks/volare/sky130/versions/cd1748bb197f9b7af62a54507de6624e30363943/sky130A/libs.tech/ngspice/corners/tt.spice>
	</home/dkits/openpdks/volare/sky130/versions/cd1748bb197f9b7af62a54507de6624e30363943/sky130A/libs.ref/sky130_fd_pr/spice/sky130_fd_pr__nfet_01v8__tt.pm3.spice>
	</home/dkits/openpdks/volare/sky130/versions/cd1748bb197f9b7af62a54507de6624e30363943/sky130A/libs.ref/sky130_fd_pr/spice/sky130_fd_pr__nfet_01v8__mismatch.corner.spice>
	</home/dkits/openpdks/volare/sky130/versions/cd1748bb197f9b7af62a54507de6624e30363943/sky130A/libs.ref/sky130_fd_pr/spice/sky130_fd_pr__nfet_01v8_lvt__tt.corner.spice>
	</home/dkits/openpdks/volare/sky130/versions/cd1748bb197f9b7af62a54507de6624e30363943/sky130A/libs.ref/sky130_fd_pr/spice/sky130_fd_pr__nfet_01v8_lvt__tt.pm3.spice>
	</home/dkits/openpdks/volare/sky130/versions/cd1748bb197f9b7af62a54507de6624e30363943/sky130A/libs.ref/sky130_fd_pr/spice/sky130_fd_pr__nfet_01v8_lvt__mismatch.corner.spice>
	</home/dkits/openpdks/volare/sky130/versions/cd1748bb197f9b7af62a54507de6624e30363943/sky130A/libs.ref/sky130_fd_pr/spice/sky130_fd_pr__pfet_01v8__tt.corner.spice>
	</home/dkits/openpdks/volare/sky130/versions/cd1748bb197f9b7af62a54507de6624e30363943/sky130A/libs.ref/sky130_fd_pr/spice/sky130_fd_pr__pfet_01v8__tt.pm3.spice>
	</home/dkits/openpdks/volare/sky130/versions/cd1748bb197f9b7af62a54507de6624e30363943/sky130A/libs.ref/sky130_fd_pr/spice/sky130_fd_pr__pfet_01v8__mismatch.corner.spice>
	</home/dkits/openpdks/volare/sky130/versions/cd1748bb197f9b7af62a54507de6624e30363943/sky130A/libs.ref/sky130_fd_pr/spice/sky130_fd_pr__nfet_03v3_nvt__tt.corner.spice>
	</home/dkits/openpdks/volare/sky130/versions/cd1748bb197f9b7af62a54507de6624e30363943/sky130A/libs.ref/sky130_fd_pr/spice/sky130_fd_pr__nfet_03v3_nvt.pm3.spice>
	</home/dkits/openpdks/volare/sky130/versions/cd1748bb197f9b7af62a54507de6624e30363943/sky130A/libs.ref/sky130_fd_pr/spice/sky130_fd_pr__nfet_03v3_nvt__mismatch.corner.spice>
	</home/dkits/openpdks/volare/sky130/versions/cd1748bb197f9b7af62a54507de6624e30363943/sky130A/libs.ref/sky130_fd_pr/spice/sky130_fd_pr__nfet_05v0_nvt__tt.corner.spice>
	</home/dkits/openpdks/volare/sky130/versions/cd1748bb197f9b7af62a54507de6624e30363943/sky130A/libs.ref/sky130_fd_pr/spice/sky130_fd_pr__nfet_05v0_nvt.pm3.spice>
	</home/dkits/openpdks/volare/sky130/versions/cd1748bb197f9b7af62a54507de6624e30363943/sky130A/libs.ref/sky130_fd_pr/spice/sky130_fd_pr__nfet_05v0_nvt__mismatch.corner.spice>
	</home/dkits/openpdks/volare/sky130/versions/cd1748bb197f9b7af62a54507de6624e30363943/sky130A/libs.ref/sky130_fd_pr/spice/sky130_fd_pr__esd_nfet_01v8__tt.corner.spice>
	</home/dkits/openpdks/volare/sky130/versions/cd1748bb197f9b7af62a54507de6624e30363943/sky130A/libs.ref/sky130_fd_pr/spice/sky130_fd_pr__esd_nfet_01v8.pm3.spice>
	</home/dkits/openpdks/volare/sky130/versions/cd1748bb197f9b7af62a54507de6624e30363943/sky130A/libs.ref/sky130_fd_pr/spice/sky130_fd_pr__pfet_01v8_lvt__tt.corner.spice>
	</home/dkits/openpdks/volare/sky130/versions/cd1748bb197f9b7af62a54507de6624e30363943/sky130A/libs.ref/sky130_fd_pr/spice/sky130_fd_pr__pfet_01v8_lvt__tt.pm3.spice>
	</home/dkits/openpdks/volare/sky130/versions/cd1748bb197f9b7af62a54507de6624e30363943/sky130A/libs.ref/sky130_fd_pr/spice/sky130_fd_pr__pfet_01v8_lvt__mismatch.corner.spice>
	</home/dkits/openpdks/volare/sky130/versions/cd1748bb197f9b7af62a54507de6624e30363943/sky130A/libs.ref/sky130_fd_pr/spice/sky130_fd_pr__pfet_01v8_hvt__tt.pm3.spice>
	</home/dkits/openpdks/volare/sky130/versions/cd1748bb197f9b7af62a54507de6624e30363943/sky130A/libs.ref/sky130_fd_pr/spice/sky130_fd_pr__pfet_01v8_hvt__mismatch.corner.spice>
	</home/dkits/openpdks/volare/sky130/versions/cd1748bb197f9b7af62a54507de6624e30363943/sky130A/libs.ref/sky130_fd_pr/spice/sky130_fd_pr__esd_pfet_g5v0d10v5__tt.corner.spice>
	</home/dkits/openpdks/volare/sky130/versions/cd1748bb197f9b7af62a54507de6624e30363943/sky130A/libs.ref/sky130_fd_pr/spice/sky130_fd_pr__esd_pfet_g5v0d10v5.pm3.spice>
	</home/dkits/openpdks/volare/sky130/versions/cd1748bb197f9b7af62a54507de6624e30363943/sky130A/libs.ref/sky130_fd_pr/spice/sky130_fd_pr__pfet_g5v0d10v5__tt.corner.spice>
	</home/dkits/openpdks/volare/sky130/versions/cd1748bb197f9b7af62a54507de6624e30363943/sky130A/libs.ref/sky130_fd_pr/spice/sky130_fd_pr__pfet_g5v0d10v5__tt.pm3.spice>
	</home/dkits/openpdks/volare/sky130/versions/cd1748bb197f9b7af62a54507de6624e30363943/sky130A/libs.ref/sky130_fd_pr/spice/sky130_fd_pr__pfet_g5v0d10v5__mismatch.corner.spice>
	</home/dkits/openpdks/volare/sky130/versions/cd1748bb197f9b7af62a54507de6624e30363943/sky130A/libs.ref/sky130_fd_pr/spice/sky130_fd_pr__pfet_g5v0d16v0__tt.corner.spice>
	</home/dkits/openpdks/volare/sky130/versions/cd1748bb197f9b7af62a54507de6624e30363943/sky130A/libs.ref/sky130_fd_pr/spice/sky130_fd_pr__nfet_g5v0d10v5__tt.corner.spice>
	</home/dkits/openpdks/volare/sky130/versions/cd1748bb197f9b7af62a54507de6624e30363943/sky130A/libs.ref/sky130_fd_pr/spice/sky130_fd_pr__nfet_g5v0d10v5__tt.pm3.spice>
	</home/dkits/openpdks/volare/sky130/versions/cd1748bb197f9b7af62a54507de6624e30363943/sky130A/libs.ref/sky130_fd_pr/spice/sky130_fd_pr__nfet_g5v0d10v5__mismatch.corner.spice>
	</home/dkits/openpdks/volare/sky130/versions/cd1748bb197f9b7af62a54507de6624e30363943/sky130A/libs.ref/sky130_fd_pr/spice/sky130_fd_pr__nfet_g5v0d16v0__tt_discrete.corner.spice>
	</home/dkits/openpdks/volare/sky130/versions/cd1748bb197f9b7af62a54507de6624e30363943/sky130A/libs.ref/sky130_fd_pr/spice/sky130_fd_pr__nfet_g5v0d16v0__subcircuit.pm3.spice>
	</home/dkits/openpdks/volare/sky130/versions/cd1748bb197f9b7af62a54507de6624e30363943/sky130A/libs.ref/sky130_fd_pr/spice/sky130_fd_pr__nfet_g5v0d16v0.pm3.spice>
	</home/dkits/openpdks/volare/sky130/versions/cd1748bb197f9b7af62a54507de6624e30363943/sky130A/libs.ref/sky130_fd_pr/spice/sky130_fd_pr__esd_nfet_g5v0d10v5__tt.corner.spice>
	</home/dkits/openpdks/volare/sky130/versions/cd1748bb197f9b7af62a54507de6624e30363943/sky130A/libs.ref/sky130_fd_pr/spice/sky130_fd_pr__esd_nfet_g5v0d10v5.pm3.spice>
	</home/dkits/openpdks/volare/sky130/versions/cd1748bb197f9b7af62a54507de6624e30363943/sky130A/libs.tech/ngspice/corners/tt/nonfet.spice>
	</home/dkits/openpdks/volare/sky130/versions/cd1748bb197f9b7af62a54507de6624e30363943/sky130A/libs.ref/sky130_fd_pr/spice/sky130_fd_pr__nfet_20v0__tt_discrete.corner.spice>
	</home/dkits/openpdks/volare/sky130/versions/cd1748bb197f9b7af62a54507de6624e30363943/sky130A/libs.ref/sky130_fd_pr/spice/sky130_fd_pr__nfet_20v0__subcircuit.pm3.spice>
	</home/dkits/openpdks/volare/sky130/versions/cd1748bb197f9b7af62a54507de6624e30363943/sky130A/libs.tech/ngspice/parasitics/sky130_fd_pr__model__parasitic__diode_pw2dn__extended_drain.model.spice>
	</home/dkits/openpdks/volare/sky130/versions/cd1748bb197f9b7af62a54507de6624e30363943/sky130A/libs.ref/sky130_fd_pr/spice/sky130_fd_pr__diode_pw2nd_05v5__extended_drain.model.spice>
	</home/dkits/openpdks/volare/sky130/versions/cd1748bb197f9b7af62a54507de6624e30363943/sky130A/libs.ref/sky130_fd_pr/spice/sky130_fd_pr__nfet_20v0_iso__subcircuit.pm3.spice>
	</home/dkits/openpdks/volare/sky130/versions/cd1748bb197f9b7af62a54507de6624e30363943/sky130A/libs.tech/ngspice/parasitics/sky130_fd_pr__model__parasitic__diode_ps2dn__extended_drain.model.spice>
	</home/dkits/openpdks/volare/sky130/versions/cd1748bb197f9b7af62a54507de6624e30363943/sky130A/libs.ref/sky130_fd_pr/spice/sky130_fd_pr__nfet_20v0_reverse_iso__subcircuit.pm3.spice>
	</home/dkits/openpdks/volare/sky130/versions/cd1748bb197f9b7af62a54507de6624e30363943/sky130A/libs.ref/sky130_fd_pr/spice/sky130_fd_pr__nfet_20v0_zvt__tt_discrete.corner.spice>
	</home/dkits/openpdks/volare/sky130/versions/cd1748bb197f9b7af62a54507de6624e30363943/sky130A/libs.ref/sky130_fd_pr/spice/sky130_fd_pr__nfet_20v0_zvt__subcircuit.pm3.spice>
	</home/dkits/openpdks/volare/sky130/versions/cd1748bb197f9b7af62a54507de6624e30363943/sky130A/libs.ref/sky130_fd_pr/spice/sky130_fd_pr__nfet_20v0_zvt__parasitic__diode_ps2dn__extended_drain.model.spice>
	</home/dkits/openpdks/volare/sky130/versions/cd1748bb197f9b7af62a54507de6624e30363943/sky130A/libs.ref/sky130_fd_pr/spice/sky130_fd_pr__pfet_20v0__tt_discrete.corner.spice>
	</home/dkits/openpdks/volare/sky130/versions/cd1748bb197f9b7af62a54507de6624e30363943/sky130A/libs.ref/sky130_fd_pr/spice/sky130_fd_pr__pfet_20v0__subcircuit.pm3.spice>
	</home/dkits/openpdks/volare/sky130/versions/cd1748bb197f9b7af62a54507de6624e30363943/sky130A/libs.ref/sky130_fd_pr/spice/sky130_fd_pr__pfet_20v0__parasitic__diode_pw2dn.model.spice>
	</home/dkits/openpdks/volare/sky130/versions/cd1748bb197f9b7af62a54507de6624e30363943/sky130A/libs.ref/sky130_fd_pr/spice/sky130_fd_pr__nfet_20v0_nvt__tt_discrete.corner.spice>
	</home/dkits/openpdks/volare/sky130/versions/cd1748bb197f9b7af62a54507de6624e30363943/sky130A/libs.ref/sky130_fd_pr/spice/sky130_fd_pr__nfet_20v0_nvt__subcircuit.pm3.spice>
	</home/dkits/openpdks/volare/sky130/versions/cd1748bb197f9b7af62a54507de6624e30363943/sky130A/libs.ref/sky130_fd_pr/spice/sky130_fd_pr__nfet_20v0_nvt__parasitic__diode_ps2dn.model.spice>
	</home/dkits/openpdks/volare/sky130/versions/cd1748bb197f9b7af62a54507de6624e30363943/sky130A/libs.ref/sky130_fd_pr/spice/sky130_fd_pr__npn_05v5__t.corner.spice>
	</home/dkits/openpdks/volare/sky130/versions/cd1748bb197f9b7af62a54507de6624e30363943/sky130A/libs.tech/ngspice/all.spice>
	</home/dkits/openpdks/volare/sky130/versions/cd1748bb197f9b7af62a54507de6624e30363943/sky130A/libs.tech/ngspice/parameters/lod.spice>
	</home/dkits/openpdks/volare/sky130/versions/cd1748bb197f9b7af62a54507de6624e30363943/sky130A/libs.tech/ngspice/parasitics/sky130_fd_pr__model__parasitic__diode_ps2nw.model.spice>
	</home/dkits/openpdks/volare/sky130/versions/cd1748bb197f9b7af62a54507de6624e30363943/sky130A/libs.ref/sky130_fd_pr/spice/sky130_fd_pr__diode_pw2nd_05v5.model.spice>
	</home/dkits/openpdks/volare/sky130/versions/cd1748bb197f9b7af62a54507de6624e30363943/sky130A/libs.ref/sky130_fd_pr/spice/sky130_fd_pr__diode_pd2nw_05v5.model.spice>
	</home/dkits/openpdks/volare/sky130/versions/cd1748bb197f9b7af62a54507de6624e30363943/sky130A/libs.ref/sky130_fd_pr/spice/sky130_fd_pr__diode_pd2nw_05v5_hvt.model.spice>
	</home/dkits/openpdks/volare/sky130/versions/cd1748bb197f9b7af62a54507de6624e30363943/sky130A/libs.ref/sky130_fd_pr/spice/sky130_fd_pr__diode_pw2nd_11v0.model.spice>
	</home/dkits/openpdks/volare/sky130/versions/cd1748bb197f9b7af62a54507de6624e30363943/sky130A/libs.ref/sky130_fd_pr/spice/sky130_fd_pr__diode_pd2nw_11v0.model.spice>
	</home/dkits/openpdks/volare/sky130/versions/cd1748bb197f9b7af62a54507de6624e30363943/sky130A/libs.ref/sky130_fd_pr/spice/sky130_fd_pr__diode_pw2nd_05v5_nvt.model.spice>
	</home/dkits/openpdks/volare/sky130/versions/cd1748bb197f9b7af62a54507de6624e30363943/sky130A/libs.ref/sky130_fd_pr/spice/sky130_fd_pr__diode_pw2nd_05v5_lvt.model.spice>
	</home/dkits/openpdks/volare/sky130/versions/cd1748bb197f9b7af62a54507de6624e30363943/sky130A/libs.ref/sky130_fd_pr/spice/sky130_fd_pr__diode_pd2nw_05v5_lvt.model.spice>
	</home/dkits/openpdks/volare/sky130/versions/cd1748bb197f9b7af62a54507de6624e30363943/sky130A/libs.tech/ngspice/parasitics/sky130_fd_pr__model__parasitic__diode_pw2dn.model.spice>
	</home/dkits/openpdks/volare/sky130/versions/cd1748bb197f9b7af62a54507de6624e30363943/sky130A/libs.tech/ngspice/parasitics/sky130_fd_pr__model__parasitic__diode_ps2dn.model.spice>
	</home/dkits/openpdks/volare/sky130/versions/cd1748bb197f9b7af62a54507de6624e30363943/sky130A/libs.ref/sky130_fd_pr/spice/sky130_fd_pr__pfet_g5v0d16v0__parasitic__diode_pw2dn.model.spice>
	</home/dkits/openpdks/volare/sky130/versions/cd1748bb197f9b7af62a54507de6624e30363943/sky130A/libs.ref/sky130_fd_pr/spice/sky130_fd_pr__pnp_05v5_W0p68L0p68.model.spice>
	</home/dkits/openpdks/volare/sky130/versions/cd1748bb197f9b7af62a54507de6624e30363943/sky130A/libs.ref/sky130_fd_pr/spice/sky130_fd_pr__pnp_05v5_W3p40L3p40.model.spice>
	</home/dkits/openpdks/volare/sky130/versions/cd1748bb197f9b7af62a54507de6624e30363943/sky130A/libs.ref/sky130_fd_pr/spice/sky130_fd_pr__npn_05v5_W1p00L1p00.model.spice>
	</home/dkits/openpdks/volare/sky130/versions/cd1748bb197f9b7af62a54507de6624e30363943/sky130A/libs.ref/sky130_fd_pr/spice/sky130_fd_pr__npn_05v5_W1p00L2p00.model.spice>
	</home/dkits/openpdks/volare/sky130/versions/cd1748bb197f9b7af62a54507de6624e30363943/sky130A/libs.ref/sky130_fd_pr/spice/sky130_fd_pr__npn_11v0_W1p00L1p00.model.spice>
	</home/dkits/openpdks/volare/sky130/versions/cd1748bb197f9b7af62a54507de6624e30363943/sky130A/libs.ref/sky130_fd_pr/spice/sky130_fd_pr__pfet_g5v0d16v0.pm3.spice>
	</home/dkits/openpdks/volare/sky130/versions/cd1748bb197f9b7af62a54507de6624e30363943/sky130A/libs.ref/sky130_fd_pr/spice/sky130_fd_pr__pfet_g5v0d16v0__subcircuit.pm3.spice>
	</home/dkits/openpdks/volare/sky130/versions/cd1748bb197f9b7af62a54507de6624e30363943/sky130A/libs.ref/sky130_fd_pr/spice/sky130_fd_pr__cap_var_lvt.model.spice>
	</home/dkits/openpdks/volare/sky130/versions/cd1748bb197f9b7af62a54507de6624e30363943/sky130A/libs.ref/sky130_fd_pr/spice/sky130_fd_pr__cap_var_hvt.model.spice>
	</home/dkits/openpdks/volare/sky130/versions/cd1748bb197f9b7af62a54507de6624e30363943/sky130A/libs.ref/sky130_fd_pr/spice/sky130_fd_pr__res_iso_pw.model.spice>
	</home/dkits/openpdks/volare/sky130/versions/cd1748bb197f9b7af62a54507de6624e30363943/sky130A/libs.ref/sky130_fd_pr/spice/sky130_fd_pr__cap_vpp_08p6x07p8_l1m1m2_noshield_o1.model.spice>
	</home/dkits/openpdks/volare/sky130/versions/cd1748bb197f9b7af62a54507de6624e30363943/sky130A/libs.tech/ngspice/capacitors/sky130_fd_pr__model__cap_mim.model.spice>
	</home/dkits/openpdks/volare/sky130/versions/cd1748bb197f9b7af62a54507de6624e30363943/sky130A/libs.ref/sky130_fd_pr/spice/sky130_fd_pr__cap_mim_m3_1.model.spice>
	</home/dkits/openpdks/volare/sky130/versions/cd1748bb197f9b7af62a54507de6624e30363943/sky130A/libs.ref/sky130_fd_pr/spice/sky130_fd_pr__cap_mim_m3_2.model.spice>
	</home/dkits/openpdks/volare/sky130/versions/cd1748bb197f9b7af62a54507de6624e30363943/sky130A/libs.tech/ngspice/capacitors/sky130_fd_pr__model__cap_vpp_only_mos.model.spice>
	</home/dkits/openpdks/volare/sky130/versions/cd1748bb197f9b7af62a54507de6624e30363943/sky130A/libs.ref/sky130_fd_pr/spice/sky130_fd_pr__cap_vpp_04p4x04p6_m1m2_noshield_o1nhv.model.spice>
	</home/dkits/openpdks/volare/sky130/versions/cd1748bb197f9b7af62a54507de6624e30363943/sky130A/libs.ref/sky130_fd_pr/spice/sky130_fd_pr__cap_vpp_04p4x04p6_m1m2_noshield_o1phv.model.spice>
	</home/dkits/openpdks/volare/sky130/versions/cd1748bb197f9b7af62a54507de6624e30363943/sky130A/libs.tech/ngspice/sonos_p/begin_of_life/mm.spice>
	</home/dkits/openpdks/volare/sky130/versions/cd1748bb197f9b7af62a54507de6624e30363943/sky130A/libs.tech/ngspice/sonos_e/begin_of_life/mm.spice>
	</home/dkits/openpdks/volare/sky130/versions/cd1748bb197f9b7af62a54507de6624e30363943/sky130A/libs.tech/ngspice/head.spice>
	</home/dkits/openpdks/volare/sky130/versions/cd1748bb197f9b7af62a54507de6624e30363943/sky130A/libs.ref/sky130_fd_pr/spice/sky130_fd_pr__special_nfet_pass.pm3.spice>
	</home/dkits/openpdks/volare/sky130/versions/cd1748bb197f9b7af62a54507de6624e30363943/sky130A/libs.ref/sky130_fd_pr/spice/sky130_fd_pr__special_nfet_latch.pm3.spice>
	</home/dkits/openpdks/volare/sky130/versions/cd1748bb197f9b7af62a54507de6624e30363943/sky130A/libs.ref/sky130_fd_pr/spice/sky130_fd_pr__special_pfet_latch.pm3.spice>
	</home/dkits/openpdks/volare/sky130/versions/cd1748bb197f9b7af62a54507de6624e30363943/sky130A/libs.ref/sky130_fd_pr/spice/sky130_fd_pr__special_nfet_pass_flash.pm3.spice>
	</home/dkits/openpdks/volare/sky130/versions/cd1748bb197f9b7af62a54507de6624e30363943/sky130A/libs.tech/ngspice/capacitors/sky130_fd_pr__model__cap_vpp_only_pq.model.spice>
	</home/dkits/openpdks/volare/sky130/versions/cd1748bb197f9b7af62a54507de6624e30363943/sky130A/libs.ref/sky130_fd_pr/spice/sky130_fd_pr__cap_vpp_08p6x07p8_m1m2m3_shieldl1.model.spice>
	</home/dkits/openpdks/volare/sky130/versions/cd1748bb197f9b7af62a54507de6624e30363943/sky130A/libs.ref/sky130_fd_pr/spice/sky130_fd_pr__cap_vpp_04p4x04p6_m1m2m3_shieldl1.model.spice>
	</home/dkits/openpdks/volare/sky130/versions/cd1748bb197f9b7af62a54507de6624e30363943/sky130A/libs.ref/sky130_fd_pr/spice/sky130_fd_pr__cap_vpp_11p5x11p7_m1m2m3_shieldl1.model.spice>
	</home/dkits/openpdks/volare/sky130/versions/cd1748bb197f9b7af62a54507de6624e30363943/sky130A/libs.ref/sky130_fd_pr/spice/sky130_fd_pr__cap_vpp_11p5x11p7_l1m1m2m3_shieldm4.model.spice>
	</home/dkits/openpdks/volare/sky130/versions/cd1748bb197f9b7af62a54507de6624e30363943/sky130A/libs.ref/sky130_fd_pr/spice/sky130_fd_pr__cap_vpp_11p5x11p7_l1m1m2m3_shieldpom4.model.spice>
	</home/dkits/openpdks/volare/sky130/versions/cd1748bb197f9b7af62a54507de6624e30363943/sky130A/libs.ref/sky130_fd_pr/spice/sky130_fd_pr__cap_vpp_06p8x06p1_l1m1m2m3_shieldpom4.model.spice>
	</home/dkits/openpdks/volare/sky130/versions/cd1748bb197f9b7af62a54507de6624e30363943/sky130A/libs.ref/sky130_fd_pr/spice/sky130_fd_pr__cap_vpp_06p8x06p1_m1m2m3_shieldl1m4.model.spice>
	</home/dkits/openpdks/volare/sky130/versions/cd1748bb197f9b7af62a54507de6624e30363943/sky130A/libs.tech/ngspice/capacitors/sky130_fd_pr__model__cap_vpp_only_p.model.spice>
	</home/dkits/openpdks/volare/sky130/versions/cd1748bb197f9b7af62a54507de6624e30363943/sky130A/libs.ref/sky130_fd_pr/spice/sky130_fd_pr__cap_vpp_11p5x11p7_l1m1m2m3m4_shieldm5.model.spice>
	</home/dkits/openpdks/volare/sky130/versions/cd1748bb197f9b7af62a54507de6624e30363943/sky130A/libs.ref/sky130_fd_pr/spice/sky130_fd_pr__cap_vpp_11p5x11p7_l1m1m2m3m4_shieldpom5.model.spice>
	</home/dkits/openpdks/volare/sky130/versions/cd1748bb197f9b7af62a54507de6624e30363943/sky130A/libs.ref/sky130_fd_pr/spice/sky130_fd_pr__cap_vpp_11p5x11p7_m1m2m3m4_shieldl1m5.model.spice>
	</home/dkits/openpdks/volare/sky130/versions/cd1748bb197f9b7af62a54507de6624e30363943/sky130A/libs.ref/sky130_fd_pr/spice/sky130_fd_pr__cap_vpp_11p5x11p7_m1m4_noshield.model.spice>
	</home/dkits/openpdks/volare/sky130/versions/cd1748bb197f9b7af62a54507de6624e30363943/sky130A/libs.ref/sky130_fd_pr/spice/sky130_fd_pr__cap_vpp_11p5x11p7_m1m2m3m4_shieldm5.model.spice>
	</home/dkits/openpdks/volare/sky130/versions/cd1748bb197f9b7af62a54507de6624e30363943/sky130A/libs.ref/sky130_fd_pr/spice/sky130_fd_pr__cap_vpp_08p6x07p8_m1m2m3_shieldl1m5_floatm4.model.spice>
	</home/dkits/openpdks/volare/sky130/versions/cd1748bb197f9b7af62a54507de6624e30363943/sky130A/libs.ref/sky130_fd_pr/spice/sky130_fd_pr__cap_vpp_04p4x04p6_m1m2m3_shieldl1m5_floatm4.model.spice>
	</home/dkits/openpdks/volare/sky130/versions/cd1748bb197f9b7af62a54507de6624e30363943/sky130A/libs.ref/sky130_fd_pr/spice/sky130_fd_pr__cap_vpp_11p5x11p7_m1m2m3_shieldl1m5_floatm4.model.spice>
	</home/dkits/openpdks/volare/sky130/versions/cd1748bb197f9b7af62a54507de6624e30363943/sky130A/libs.ref/sky130_fd_pr/spice/sky130_fd_pr__cap_vpp_11p3x11p8_l1m1m2m3m4_shieldm5_nhv.model.spice>
	</home/dkits/openpdks/volare/sky130/versions/cd1748bb197f9b7af62a54507de6624e30363943/sky130A/libs.ref/sky130_fd_pr/spice/sky130_fd_pr__cap_vpp_11p3x11p8_l1m1m2m3m4_shieldm5_nhv__base.model.spice>
	</home/dkits/openpdks/volare/sky130/versions/cd1748bb197f9b7af62a54507de6624e30363943/sky130A/libs.ref/sky130_fd_pr/spice/sky130_fd_pr__cap_vpp_11p5x11p7_l1m1m2m3m4_shieldpom5_x.model.spice>
	</home/dkits/openpdks/volare/sky130/versions/cd1748bb197f9b7af62a54507de6624e30363943/sky130A/libs.ref/sky130_fd_pr/spice/sky130_fd_pr__cap_vpp_02p9x06p1_m1m2m3m4_shieldl1_fingercap2.model.spice>
	</home/dkits/openpdks/volare/sky130/versions/cd1748bb197f9b7af62a54507de6624e30363943/sky130A/libs.ref/sky130_fd_pr/spice/sky130_fd_pr__cap_vpp_02p7x11p1_m1m2m3m4_shieldl1_fingercap.model.spice>
	</home/dkits/openpdks/volare/sky130/versions/cd1748bb197f9b7af62a54507de6624e30363943/sky130A/libs.ref/sky130_fd_pr/spice/sky130_fd_pr__cap_vpp_02p7x21p1_m1m2m3m4_shieldl1_fingercap.model.spice>
	</home/dkits/openpdks/volare/sky130/versions/cd1748bb197f9b7af62a54507de6624e30363943/sky130A/libs.ref/sky130_fd_pr/spice/sky130_fd_pr__cap_vpp_02p7x41p1_m1m2m3m4_shieldl1_fingercap.model.spice>
	</home/dkits/openpdks/volare/sky130/versions/cd1748bb197f9b7af62a54507de6624e30363943/sky130A/libs.ref/sky130_fd_pr/spice/sky130_fd_pr__cap_vpp_02p7x06p1_m1m2m3m4_shieldl1_fingercap.model.spice>
	</home/dkits/openpdks/volare/sky130/versions/cd1748bb197f9b7af62a54507de6624e30363943/sky130A/libs.ref/sky130_fd_pr/spice/sky130_fd_pr__cap_vpp_11p3x11p3_m1m2m3m4_shieldl1_wafflecap.model.spice>
	</home/dkits/openpdks/volare/sky130/versions/cd1748bb197f9b7af62a54507de6624e30363943/sky130A/libs.ref/sky130_fd_pr/spice/sky130_fd_pr__cap_vpp_05p9x05p9_m1m2m3m4_shieldl1_wafflecap.model.spice>
	</home/dkits/openpdks/volare/sky130/versions/cd1748bb197f9b7af62a54507de6624e30363943/sky130A/libs.ref/sky130_fd_pr/spice/sky130_fd_pr__cap_vpp_44p7x23p1_pol1m1m2m3m4m5_noshield.model.spice>
	</home/dkits/openpdks/volare/sky130/versions/cd1748bb197f9b7af62a54507de6624e30363943/sky130A/libs.tech/ngspice/sky130_fd_pr__model__linear.model.spice>
	</home/dkits/openpdks/volare/sky130/versions/cd1748bb197f9b7af62a54507de6624e30363943/sky130A/libs.tech/ngspice/parasitics/sky130_fd_pr__model__parasitic__res_po.model.spice>
	</home/dkits/openpdks/volare/sky130/versions/cd1748bb197f9b7af62a54507de6624e30363943/sky130A/libs.ref/sky130_fd_pr/spice/sky130_fd_pr__res_xhigh_po.model.spice>
	</home/dkits/openpdks/volare/sky130/versions/cd1748bb197f9b7af62a54507de6624e30363943/sky130A/libs.ref/sky130_fd_pr/spice/sky130_fd_pr__res_high_po.model.spice>
	</home/dkits/openpdks/volare/sky130/versions/cd1748bb197f9b7af62a54507de6624e30363943/sky130A/libs.ref/sky130_fd_pr/spice/sky130_fd_pr__res_xhigh_po_0p35.model.spice>
	</home/dkits/openpdks/volare/sky130/versions/cd1748bb197f9b7af62a54507de6624e30363943/sky130A/libs.ref/sky130_fd_pr/spice/sky130_fd_pr__res_xhigh_po_0p69.model.spice>
	</home/dkits/openpdks/volare/sky130/versions/cd1748bb197f9b7af62a54507de6624e30363943/sky130A/libs.ref/sky130_fd_pr/spice/sky130_fd_pr__res_xhigh_po_1p41.model.spice>
	</home/dkits/openpdks/volare/sky130/versions/cd1748bb197f9b7af62a54507de6624e30363943/sky130A/libs.ref/sky130_fd_pr/spice/sky130_fd_pr__res_xhigh_po_2p85.model.spice>
	</home/dkits/openpdks/volare/sky130/versions/cd1748bb197f9b7af62a54507de6624e30363943/sky130A/libs.ref/sky130_fd_pr/spice/sky130_fd_pr__res_xhigh_po_5p73.model.spice>
	</home/dkits/openpdks/volare/sky130/versions/cd1748bb197f9b7af62a54507de6624e30363943/sky130A/libs.ref/sky130_fd_pr/spice/sky130_fd_pr__res_xhigh_po__base.model.spice>
	</home/dkits/openpdks/volare/sky130/versions/cd1748bb197f9b7af62a54507de6624e30363943/sky130A/libs.ref/sky130_fd_pr/spice/sky130_fd_pr__res_high_po_0p35.model.spice>
	</home/dkits/openpdks/volare/sky130/versions/cd1748bb197f9b7af62a54507de6624e30363943/sky130A/libs.ref/sky130_fd_pr/spice/sky130_fd_pr__res_high_po_0p69.model.spice>
	</home/dkits/openpdks/volare/sky130/versions/cd1748bb197f9b7af62a54507de6624e30363943/sky130A/libs.ref/sky130_fd_pr/spice/sky130_fd_pr__res_high_po_1p41.model.spice>
	</home/dkits/openpdks/volare/sky130/versions/cd1748bb197f9b7af62a54507de6624e30363943/sky130A/libs.ref/sky130_fd_pr/spice/sky130_fd_pr__res_high_po_2p85.model.spice>
	</home/dkits/openpdks/volare/sky130/versions/cd1748bb197f9b7af62a54507de6624e30363943/sky130A/libs.ref/sky130_fd_pr/spice/sky130_fd_pr__res_high_po_5p73.model.spice>
	</home/dkits/openpdks/volare/sky130/versions/cd1748bb197f9b7af62a54507de6624e30363943/sky130A/libs.ref/sky130_fd_pr/spice/sky130_fd_pr__rf_nfet_g5v0d10v5.pm3.spice>
	</home/dkits/openpdks/volare/sky130/versions/cd1748bb197f9b7af62a54507de6624e30363943/sky130A/libs.ref/sky130_fd_pr/spice/sky130_fd_pr__rf_nfet_01v8_lvt.pm3.spice>
	</home/dkits/openpdks/volare/sky130/versions/cd1748bb197f9b7af62a54507de6624e30363943/sky130A/libs.ref/sky130_fd_pr/spice/sky130_fd_pr__rf_nfet_01v8.pm3.spice>
	</home/dkits/openpdks/volare/sky130/versions/cd1748bb197f9b7af62a54507de6624e30363943/sky130A/libs.ref/sky130_fd_pr/spice/sky130_fd_pr__rf_pfet_01v8.pm3.spice>
	</home/dkits/openpdks/volare/sky130/versions/cd1748bb197f9b7af62a54507de6624e30363943/sky130A/libs.ref/sky130_fd_pr/spice/sky130_fd_pr__rf_pfet_01v8_mvt.pm3.spice>
	</home/dkits/openpdks/volare/sky130/versions/cd1748bb197f9b7af62a54507de6624e30363943/sky130A/libs.tech/ngspice/corners/tt/rf.spice>
	</home/dkits/openpdks/volare/sky130/versions/cd1748bb197f9b7af62a54507de6624e30363943/sky130A/libs.ref/sky130_fd_pr/spice/sky130_fd_pr__rf_nfet_01v8_b__tt.corner.spice>
	</home/dkits/openpdks/volare/sky130/versions/cd1748bb197f9b7af62a54507de6624e30363943/sky130A/libs.ref/sky130_fd_pr/spice/sky130_fd_pr__rf_nfet_01v8_b.pm3.spice>
	</home/dkits/openpdks/volare/sky130/versions/cd1748bb197f9b7af62a54507de6624e30363943/sky130A/libs.ref/sky130_fd_pr/spice/sky130_fd_pr__rf_nfet_01v8_lvt_b__tt.corner.spice>
	</home/dkits/openpdks/volare/sky130/versions/cd1748bb197f9b7af62a54507de6624e30363943/sky130A/libs.ref/sky130_fd_pr/spice/sky130_fd_pr__rf_nfet_01v8_lvt_b.pm3.spice>
	</home/dkits/openpdks/volare/sky130/versions/cd1748bb197f9b7af62a54507de6624e30363943/sky130A/libs.ref/sky130_fd_pr/spice/sky130_fd_pr__rf_nfet_g5v0d10v5_b__tt.corner.spice>
	</home/dkits/openpdks/volare/sky130/versions/cd1748bb197f9b7af62a54507de6624e30363943/sky130A/libs.ref/sky130_fd_pr/spice/sky130_fd_pr__rf_nfet_g5v0d10v5_b.pm3.spice>
	</home/dkits/openpdks/volare/sky130/versions/cd1748bb197f9b7af62a54507de6624e30363943/sky130A/libs.ref/sky130_fd_pr/spice/sky130_fd_pr__rf_pfet_01v8_b__tt.corner.spice>
	</home/dkits/openpdks/volare/sky130/versions/cd1748bb197f9b7af62a54507de6624e30363943/sky130A/libs.ref/sky130_fd_pr/spice/sky130_fd_pr__rf_pfet_01v8_b.pm3.spice>
	</home/dkits/openpdks/volare/sky130/versions/cd1748bb197f9b7af62a54507de6624e30363943/sky130A/libs.ref/sky130_fd_pr/spice/sky130_fd_pr__rf_nfet_01v8__mismatch.corner.spice>
	</home/dkits/openpdks/volare/sky130/versions/cd1748bb197f9b7af62a54507de6624e30363943/sky130A/libs.ref/sky130_fd_pr/spice/sky130_fd_pr__rf_nfet_01v8_lvt__mismatch.corner.spice>
	</home/dkits/openpdks/volare/sky130/versions/cd1748bb197f9b7af62a54507de6624e30363943/sky130A/libs.ref/sky130_fd_pr/spice/sky130_fd_pr__rf_nfet_g5v0d10v5__mismatch.corner.spice>
	</home/dkits/openpdks/volare/sky130/versions/cd1748bb197f9b7af62a54507de6624e30363943/sky130A/libs.ref/sky130_fd_pr/spice/sky130_fd_pr__rf_pfet_01v8__mismatch.corner.spice>
	</home/dkits/openpdks/volare/sky130/versions/cd1748bb197f9b7af62a54507de6624e30363943/sky130A/libs.ref/sky130_fd_pr/spice/sky130_fd_pr__rf_pfet_01v8_mvt__tt_discrete.corner.spice>
	</home/dkits/openpdks/volare/sky130/versions/cd1748bb197f9b7af62a54507de6624e30363943/sky130A/libs.ref/sky130_fd_pr/spice/sky130_fd_pr__pfet_01v8_mvt.pm3.spice>
	</home/dkits/openpdks/volare/sky130/versions/cd1748bb197f9b7af62a54507de6624e30363943/sky130A/libs.ref/sky130_fd_pr/spice/sky130_fd_pr__rf_pfet_01v8_mvt__mismatch.corner.spice>
	</home/dkits/openpdks/volare/sky130/versions/cd1748bb197f9b7af62a54507de6624e30363943/sky130A/libs.tech/ngspice/r+c/res_typical__cap_typical.spice>
	</home/dkits/openpdks/volare/sky130/versions/cd1748bb197f9b7af62a54507de6624e30363943/sky130A/libs.tech/ngspice/sky130_fd_pr__model__r+c.model.spice>
	</home/dkits/openpdks/volare/sky130/versions/cd1748bb197f9b7af62a54507de6624e30363943/sky130A/libs.tech/ngspice/r+c.mrp1monte.spice>
	</home/dkits/openpdks/volare/sky130/versions/cd1748bb197f9b7af62a54507de6624e30363943/sky130A/libs.ref/sky130_fd_pr/spice/sky130_fd_pr__res_generic_nd.model.spice>
	</home/dkits/openpdks/volare/sky130/versions/cd1748bb197f9b7af62a54507de6624e30363943/sky130A/libs.ref/sky130_fd_pr/spice/sky130_fd_pr__res_generic_pd.model.spice>
	</home/dkits/openpdks/volare/sky130/versions/cd1748bb197f9b7af62a54507de6624e30363943/sky130A/libs.tech/ngspice/parameters/typical.spice>
	</home/dkits/openpdks/volare/sky130/versions/cd1748bb197f9b7af62a54507de6624e30363943/sky130A/libs.tech/ngspice/r+c/res_typical__cap_typical__lin.spice>
	</home/dkits/openpdks/volare/sky130/versions/cd1748bb197f9b7af62a54507de6624e30363943/sky130A/libs.tech/ngspice/corners/tt/specialized_cells.spice>
	</home/dkits/openpdks/volare/sky130/versions/cd1748bb197f9b7af62a54507de6624e30363943/sky130A/libs.ref/sky130_fd_pr/spice/sky130_fd_pr__special_nfet_latch__mismatch.corner.spice>
	</home/dkits/openpdks/volare/sky130/versions/cd1748bb197f9b7af62a54507de6624e30363943/sky130A/libs.ref/sky130_fd_pr/spice/sky130_fd_pr__special_nfet_pass__mismatch.corner.spice>
	</home/dkits/openpdks/volare/sky130/versions/cd1748bb197f9b7af62a54507de6624e30363943/sky130A/libs.ref/sky130_fd_pr/spice/sky130_fd_pr__special_nfet_pass_flash__mismatch.corner.spice>
	</home/dkits/openpdks/volare/sky130/versions/cd1748bb197f9b7af62a54507de6624e30363943/sky130A/libs.ref/sky130_fd_pr/spice/sky130_fd_pr__special_pfet_latch__mismatch.corner.spice>
	</home/dkits/openpdks/volare/sky130/versions/cd1748bb197f9b7af62a54507de6624e30363943/sky130A/libs.ref/sky130_fd_pr/spice/sky130_fd_pr__special_nfet_pass_lvt__tt.corner.spice>
	</home/dkits/openpdks/volare/sky130/versions/cd1748bb197f9b7af62a54507de6624e30363943/sky130A/libs.ref/sky130_fd_pr/spice/sky130_fd_pr__special_nfet_pass_lvt.pm3.spice>

Resource Usage for Reading Netlist(self/total): 0.4/0.4 sec (cpu), 0.0/0.0 sec (elapsed), 322.3/322.3 MB

WARNING! The FSDB version 5.6 - which is currently supported in this release - will be retired and no longer supported in FineSim 2019.06.
         FSDB version 5.7, which is the default for this release, will be the lowest FSDB version that FineSim 2019.06 can produce.
         Please upgrade your FSDB file readers prior to 2019.06 if necessary.
         option finesim_fsdb_version (/home/userdata/k63D/toind_63d/work/sislab_vnu/vco_adc2/synopsys/finesim/vco_adc2_130nm/vco_adc2_130nm_tb.sp:388).
WARNING! no param value 'mc_pr_switch*agauss(0,0.125,1)' (/home/dkits/openpdks/volare/sky130/versions/cd1748bb197f9b7af62a54507de6624e30363943/sky130A/libs.tech/ngspice/r+c.mrp1monte.spice:17) <-- ignored 
WARNING! no param value 'mc_pr_switch*agauss(0,0.125,1)' (/home/dkits/openpdks/volare/sky130/versions/cd1748bb197f9b7af62a54507de6624e30363943/sky130A/libs.tech/ngspice/r+c.mrp1monte.spice:18) <-- ignored 

WARNING! subckt(sky130_fd_pr__model__r+c.model.spice:166) and model(sky130_fd_pr__diode_pw2nd_05v5.model.spice:16) have the same name 'sky130_fd_pr__diode_pw2nd_05v5'.
WARNING! subckt(sky130_fd_pr__res_generic_nd.model.spice:16) and model(sky130_fd_pr__model__r+c.model.spice:130) have the same name 'sky130_fd_pr__res_generic_nd'.
WARNING! subckt(sky130_fd_pr__res_generic_pd.model.spice:16) and model(sky130_fd_pr__model__r+c.model.spice:131) have the same name 'sky130_fd_pr__res_generic_pd'.
WARNING! subckt(sky130_fd_pr__model__r+c.model.spice:171) and model(sky130_fd_pr__model__r+c.model.spice:132) have the same name 'sky130_fd_pr__res_generic_nd__hv'.
WARNING! subckt(sky130_fd_pr__model__r+c.model.spice:177) and model(sky130_fd_pr__model__r+c.model.spice:133) have the same name 'sky130_fd_pr__res_generic_pd__hv'.
WARNING! subckt(r+c.mrp1monte.spice:28) and model(sky130_fd_pr__model__r+c.model.spice:134) have the same name 'sky130_fd_pr__res_generic_po'.
WARNING! subckt(sky130_fd_pr__model__r+c.model.spice:157) and model(sky130_fd_pr__model__r+c.model.spice:155) have the same name 'short'.


****
Top Mode "prohd"

Matched Subckt Table
  Mode "promd" (3 matched)
    count
    qz
    dco_freq
  Mode "spicead" (3 matched)
    dco_idac
    vco
    dco
****

**** Used Options:
   finesim_mode = "prohd"
   scale = 1e-06
   finesim_fsdb_version = 5.6
   finesim_output = fsdb
   finesim_mode = "dco_idac:spicead vco:spicead dco:spicead count:promd qz:promd dco_freq:promd":subckt
****

**** Macro Options:
****
  Main Mode: prohd
Resource Usage for Parsing(self/total): 1.0/1.4 sec (cpu), 1.0/1.0 sec (elapsed), 16.0/338.4 MB

License: FINESIM_LICENSE_MODE=3 
WARNING! license file has no feature CKTSIMMC! 

WARNING! license file has no feature FSPRO! 

License: Checked out FSPRO2XSIM(3) successfully from :27000@192.168.0.111 
License: Checked out xsim(3) successfully from :27000@192.168.0.111 

Resource Usage for License(self/total): 0.8/2.2 sec (cpu), 1.0/2.0 sec (elapsed), 62.3/400.7 MB

Elapsed checking license time: 1.0 seconds

Title: ** sch_path: /home/toind/work/sislab_vnu/vco_adc2/xschem/tb/vco_adc2_130nm_tb.sch



**warning**(sky130_fd_pr__nfet_01v8__model.89:x_inv_0.x0.msky130_fd_pr__nfet_01v8)Warning: Source diffusion conductance reset to 1.0e3 mho.
**warning**(sky130_fd_pr__nfet_01v8__model.89:x_inv_0.x0.msky130_fd_pr__nfet_01v8)Warning: Drain diffusion conductance reset to 1.0e3 mho.
**warning**(sky130_fd_pr__pfet_01v8_hvt__model.80:x_inv_0.x1.msky130_fd_pr__pfet_01v8_hvt)Warning: Source diffusion conductance reset to 1.0e3 mho.
**warning**(sky130_fd_pr__pfet_01v8_hvt__model.80:x_inv_0.x1.msky130_fd_pr__pfet_01v8_hvt)Warning: Drain diffusion conductance reset to 1.0e3 mho.
**warning**(sky130_fd_pr__pfet_01v8_hvt__model.152:x_buf_3.x1.msky130_fd_pr__pfet_01v8_hvt)Warning: Source diffusion conductance reset to 1.0e3 mho.
**warning**(sky130_fd_pr__pfet_01v8_hvt__model.152:x_buf_3.x1.msky130_fd_pr__pfet_01v8_hvt)Warning: Drain diffusion conductance reset to 1.0e3 mho.
**warning**(sky130_fd_pr__nfet_01v8__model.161:x_buf_3.x5.msky130_fd_pr__nfet_01v8)Warning: Source diffusion conductance reset to 1.0e3 mho.
**warning**(sky130_fd_pr__nfet_01v8__model.161:x_buf_3.x5.msky130_fd_pr__nfet_01v8)Warning: Drain diffusion conductance reset to 1.0e3 mho.
**warning**(sky130_fd_pr__pfet_01v8_hvt__model.188:x1.x_udc_2.x0.msky130_fd_pr__pfet_01v8_hvt)Warning: Source diffusion conductance reset to 1.0e3 mho.
**warning**(sky130_fd_pr__pfet_01v8_hvt__model.188:x1.x_udc_2.x0.msky130_fd_pr__pfet_01v8_hvt)Warning: Drain diffusion conductance reset to 1.0e3 mho.

  # MOSFET   : 562
  # Resistor : 3 (Min/Max=225.287/50000) 
  # V Source : 7 (Max/Min=1.8V/0V)

  TEMP=25
Resource Usage for Circuit Elaboration(self/total): 0.1/2.3 sec (cpu), 0.0/2.0 sec (elapsed), 51.7/452.3 MB

Generating MOS models ...
  Table value up to 1.8V
  Level=54 Version=4.5
Resource Usage for MOS Model(self/total): 0.0/2.3 sec (cpu), 1.0/3.0 sec (elapsed), -0.1/452.3 MB

Reducing RC Network
  # split fcap: 0
No RC network reduced 
Resource Usage for Circuit Reduction(self/total): 0.0/2.3 sec (cpu), 0.0/3.0 sec (elapsed), 0.0/452.3 MB


Building Connectivity ...
  Largest partition has 71 devices and 30 nodes .
    Devices: m=70 r=1
    Nodes with maximum connections:
       dco:isup(23)
       dco:pn[4](10)
       dco:p_osc(10)
       dco:x3.open(10)
       dco:pn[3](8)
       dco:pn[0](8)
       dco:p[3](8)
       dco:p[0](8)
       dco:pn[2](8)
       dco:p[2](8)
       dco:pn[1](8)
       dco:p[1](8)
       dco:x2.a_27_47#(6)
       dco:x3.lock(6)
       dco:x3.x2.a_27_47#(6)
       dco:x3.add_pwr(5)
       dco:pha_ro(4)
       dco:x1.a_27_47#(3)
       dco:x3.input_r(3)
       dco:dctrl(2)

Resource Usage for Connectivity Building(self/total): 0.0/2.3 sec (cpu), 0.0/3.0 sec (elapsed), -1.0/451.3 MB

Building DB ...
Resource Usage for DB Building(self/total): 0.0/2.3 sec (cpu), 0.0/3.0 sec (elapsed), 0.0/451.3 MB

Initializing ...
Resource Usage for Initialization(self/total): 0.0/2.3 sec (cpu), 0.0/3.0 sec (elapsed), 0.0/451.3 MB

Preparing Outputs ...
WARNING! can't find node 'xdco_1.p_osc' for .probe (vco_adc2_130nm_tb.sp:370)
WARNING! can't find node 'xdco_1.pha_ro' for .probe (vco_adc2_130nm_tb.sp:370)
WARNING! can't find node 'xdco_1.p_dco' for .probe (vco_adc2_130nm_tb.sp:370)
WARNING! can't find node 'xdco_1.isup' for .probe (vco_adc2_130nm_tb.sp:370)
WARNING! can't find node 'd1' for .probe (vco_adc2_130nm_tb.sp:370)
WARNING! can't find node 'd2' for .probe (vco_adc2_130nm_tb.sp:370)
WARNING! can't find node 'fback' for .probe (vco_adc2_130nm_tb.sp:370)
WARNING! can't compute 'v(p_vco)', measure failed (vco_adc2_130nm_tb.sp:377)
WARNING! can't compute 'v(p_vco)', measure failed (vco_adc2_130nm_tb.sp:377)
WARNING! can't compute 'v(p_dco)', measure failed (vco_adc2_130nm_tb.sp:379)
WARNING! can't compute 'v(p_dco)', measure failed (vco_adc2_130nm_tb.sp:379)
  # probed signals  : 5
  # printed signals : 3
  # measures        : 6
Resource Usage for Output Preparation(self/total): 0.1/2.5 sec (cpu), 0.0/3.0 sec (elapsed), 0.0/451.3 MB


Building Matrices ...
Resource Usage for Matrix Building(self/total): 0.0/2.5 sec (cpu), 0.0/3.0 sec (elapsed), -27.0/424.3 MB

Starting DC Initialization ...
    ic file './simulations/vco_adc2_130nm_tb.ic'
  DC converged
End of DC Initialization
Resource Usage for DC Initialization(self/total): 0.6/3.1 sec (cpu), 0.0/3.0 sec (elapsed), 10.0/434.3 MB

Starting Transient Analysis ...
    Stopped at 416.632ns (0.0 %  Mon Oct 28 04:20:30 2024)       
    Resumed from 416.632ns (0.0 %  Mon Oct 28 04:20:32 2024)       
    finished at 416.632ns (tstop = 1.200ms) by user

    prt file './simulations/vco_adc2_130nm_tb.pt0'
    output file './simulations/vco_adc2_130nm_tb.fsdb'
WARNING! all measurement are failed because of simulation failure.
    measure file './simulations/vco_adc2_130nm_tb.mt0'
    # time points: 73504
End of Transient Analysis                               
Resource Usage for Transient Analysis(self/total): 59.5/62.7 sec (cpu), 10.0/13.0 sec (elapsed), 516.1/950.4 MB

Simulation ended at Mon Oct 28 04:20:32 2024

Total CPU time: 62.7 seconds (0.02 hours), 6 threads
Total memory usage: peak= 950.4 MB, avg= 675.3 MB

Total elapsed time: 13.0 seconds (0.00 hours)
FineSim Successfully Completed at Mon Oct 28 04:20:32 2024

